Arguments: 
  /usr/local/bin/node /usr/local/Cellar/yarn/1.17.3/libexec/bin/yarn.js

PATH: 
  /usr/local/bin:/usr/bin:/bin:/usr/sbin:/sbin:/Library/Apple/usr/bin:/Library/Apple/bin

Yarn version: 
  1.17.3

Node version: 
  10.16.2

Platform: 
  darwin x64

Trace: 
  Error: EACCES: permission denied, unlink '/Users/pacowilliams/Documents/videojuegos/node_modules/.yarn-integrity'

npm manifest: 
  {
    "scripts": {
      "build": "parcel build index.html",
      "develop": "parcel index.html -p 8000"
    },
    "devDependencies": {
      "parcel-bundler": "^1.12.3",
      "typescript": "^3.5.3"
    }
  }

yarn manifest: 
  No manifest

Lockfile: 
  # THIS IS AN AUTOGENERATED FILE. DO NOT EDIT THIS FILE DIRECTLY.
  # yarn lockfile v1
  
  
  typescript@^3.5.3:
    version "3.5.3"
    resolved "https://registry.yarnpkg.com/typescript/-/typescript-3.5.3.tgz#c830f657f93f1ea846819e929092f5fe5983e977"
    integrity sha512-ACzBtm/PhXBDId6a6sDJfroT2pOWt/oOnk4/dElG5G33ZL776N3Y6/6bKZJBFpd+b05F3Ct9qDjMeJmRWtE2/g==
